<?xml version="1.0" encoding="UTF-8"?>
<!-- Generated by org.testng.reporters.JUnitXMLReporter -->
<testsuite ignored="0" hostname="DESKTOP-BQF1K81" failures="0" tests="3" name="billing" time="10.012" errors="0" timestamp="2022-11-07T22:36:02 IST">
  <testcase classname="testcases.BillingAddress" name="checkout" time="3.793"/>
  <testcase classname="testcases.BillingAddress" name="BillingAddressdropdown" time="2.189"/>
  <testcase classname="testcases.BillingAddress" name="BillingAdd" time="3.947"/>
</testsuite> <!-- billing -->
