<?xml version="1.0" encoding="UTF-8"?>
<!-- Generated by org.testng.reporters.JUnitXMLReporter -->
<testsuite ignored="0" hostname="DESKTOP-BQF1K81" failures="0" tests="6" name="checkoutdetails" time="4.06" errors="0" timestamp="2022-11-07T22:36:06 IST">
  <testcase classname="testcases.CheckoutDetails" name="shippingAddress" time="0.14"/>
  <testcase classname="testcases.CheckoutDetails" name="shippingaddress" time="0.102"/>
  <testcase classname="testcases.CheckoutDetails" name="ShippingMethodNextDayAir" time="0.571"/>
  <testcase classname="testcases.CheckoutDetails" name="paymentmethod" time="0.517"/>
  <testcase classname="testcases.CheckoutDetails" name="paymentinfo" time="0.372"/>
  <testcase classname="testcases.CheckoutDetails" name="confirmorder" time="2.336"/>
</testsuite> <!-- checkoutdetails -->
