<?xml version="1.0" encoding="UTF-8"?>
<!-- Generated by org.testng.reporters.JUnitXMLReporter -->
<testsuite ignored="0" hostname="DESKTOP-BQF1K81" failures="0" tests="3" name="billing" time="11.603" errors="0" timestamp="2022-11-07T23:14:51 IST">
  <testcase classname="testcases.BillingAddress" name="checkout" time="3.943"/>
  <testcase classname="testcases.BillingAddress" name="BillingAddressdropdown" time="2.281"/>
  <testcase classname="testcases.BillingAddress" name="BillingAdd" time="5.282"/>
</testsuite> <!-- billing -->
