<?xml version="1.0" encoding="UTF-8"?>
<!-- Generated by org.testng.reporters.JUnitXMLReporter -->
<testsuite ignored="0" hostname="DESKTOP-BQF1K81" failures="0" tests="6" name="checkoutdetails" time="4.073" errors="0" timestamp="2022-11-07T23:14:55 IST">
  <testcase classname="testcases.CheckoutDetails" name="shippingAddress" time="0.14"/>
  <testcase classname="testcases.CheckoutDetails" name="shippingaddress" time="0.099"/>
  <testcase classname="testcases.CheckoutDetails" name="ShippingMethodNextDayAir" time="0.572"/>
  <testcase classname="testcases.CheckoutDetails" name="paymentmethod" time="0.516"/>
  <testcase classname="testcases.CheckoutDetails" name="paymentinfo" time="0.366"/>
  <testcase classname="testcases.CheckoutDetails" name="confirmorder" time="2.364"/>
</testsuite> <!-- checkoutdetails -->
