<?xml version="1.0" encoding="UTF-8"?>
<testsuite xmlns:xsi="http://www.w3.org/2001/XMLSchema-instance" xsi:noNamespaceSchemaLocation="https://maven.apache.org/surefire/maven-surefire-plugin/xsd/surefire-test-report-3.0.xsd" version="3.0" name="TestSuite" time="50.971" tests="16" errors="0" skipped="0" failures="0">
  <properties>
[...]
</properties>
  <testcase name="EnterValidCredentials[{password=Test123, username=testdemowebshop@gmail.com}](1)" classname="testcases.Login_Test" time="2.149">
    <system-out><![CDATA[chrome
]]></system-out>
    <system-err><![CDATA[SLF4J: Failed to load class "org.slf4j.impl.StaticLoggerBinder".
SLF4J: Defaulting to no-operation (NOP) logger implementation
SLF4J: See http://www.slf4j.org/codes.html#StaticLoggerBinder for further details.
Starting ChromeDriver 107.0.5304.62 (1eec40d3a5764881c92085aaee66d25075c159aa-refs/branch-heads/5304@{#942}) on port 25798
Only local connections are allowed.
Please see https://chromedriver.chromium.org/security-considerations for suggestions on keeping ChromeDriver safe.
ChromeDriver was started successfully.
Nov 07, 2022 11:14:24 PM org.openqa.selenium.remote.ProtocolHandshake createSession
INFO: Detected dialect: W3C
]]></system-err>
  </testcase>
  <testcase name="ClearAddToCartAndGoToBooks" classname="testcases.ClearShoppingCart" time="0.983"/>
  <testcase name="SelectBooksAddtocart" classname="testcases.AddItems" time="4.381"/>
  <testcase name="MoveToShippingCartAndClick" classname="testcases.GotoCards" time="3.034"/>
  <testcase name="checkout" classname="testcases.BillingAddress" time="3.943"/>
  <testcase name="BillingAddressdropdown" classname="testcases.BillingAddress" time="2.282"/>
  <testcase name="BillingAdd[{phoneno=9.8765432119E10, lname=test1, email=abc1234@gmail.com, zipcode=123456.0, address2=testnew1, address1=door no:12345, city=andhrapradesh, fname=prasad1}](1)" classname="testcases.BillingAddress" time="5.284"/>
  <testcase name="shippingAddress" classname="testcases.CheckoutDetails" time="0.14"/>
  <testcase name="shippingaddress" classname="testcases.CheckoutDetails" time="0.1"/>
  <testcase name="ShippingMethodNextDayAir" classname="testcases.CheckoutDetails" time="0.574"/>
  <testcase name="paymentmethod" classname="testcases.CheckoutDetails" time="0.519"/>
  <testcase name="paymentinfo" classname="testcases.CheckoutDetails" time="0.371"/>
  <testcase name="confirmorder" classname="testcases.CheckoutDetails" time="2.36"/>
  <testcase name="successfullprocessed" classname="testcases.SuccessOrder" time="2.167">
    <system-out><![CDATA[Order number: 1312691
Your order has been successfully processed!
]]></system-out>
  </testcase>
  <testcase name="orderDetails" classname="testcases.SuccessOrder" time="7.394">
    <system-out><![CDATA[Order #1312691
Order Date: Monday, November 7, 2022
Order Status: Pending
Order Total: 81.00
Billing Address
prasad1 test1
Email: abc1234@gmail.com
Phone: 9.8765432119E10
Fax:
door no:12345
testnew1
andhrapradesh , 123456.0
India
Payment Method
Cash On Delivery (COD)
Shipping Address
prasad1 test1
Email: abc1234@gmail.com
Phone: 98765432119
Fax:
door no:12345
testnew1
andhrapradesh , 123456
India
Shipping Method
Next Day Air
Product(s)
Name Price Quantity Total
Computing and Internet 10.00 1 10.00
Fiction 24.00 1 24.00
Sub-Total: 34.00
Shipping: 40.00
Payment method additional fee: 7.00
Tax: 0.00
Order Total: 81.00
]]></system-out>
  </testcase>
  <testcase name="logout" classname="testcases.Logout" time="1.077"/>
</testsuite>