<?xml version="1.0" encoding="UTF-8"?>
<testng-results ignored="0" total="16" passed="16" failed="0" skipped="0">
  <reporter-output>
  </reporter-output>
  <suite started-at="2022-11-07T22:35:34 IST" name="Suite" finished-at="2022-11-07T22:36:17 IST" duration-ms="43627">
    <groups>
    </groups>
    <test started-at="2022-11-07T22:35:34 IST" name="login" finished-at="2022-11-07T22:35:44 IST" duration-ms="10152">
      <class name="testcases.Login_Test">
        <test-method is-config="true" signature="setup()[pri:0, instance:testcases.Login_Test@75cd8043]" started-at="2022-11-07T22:35:34 IST" name="setup" finished-at="2022-11-07T22:35:42 IST" duration-ms="8029" status="PASS">
          <reporter-output>
          </reporter-output>
        </test-method> <!-- setup -->
        <test-method signature="EnterValidCredentials(java.util.Hashtable)[pri:0, instance:testcases.Login_Test@75cd8043]" started-at="2022-11-07T22:35:42 IST" name="EnterValidCredentials" data-provider="dp" finished-at="2022-11-07T22:35:44 IST" duration-ms="1928" status="PASS">
          <params>
            <param index="0">
              <value>
                <![CDATA[{password=Test123, username=testdemowebshop@gmail.com}]]>
              </value>
            </param>
          </params>
          <reporter-output>
          </reporter-output>
        </test-method> <!-- EnterValidCredentials -->
      </class> <!-- testcases.Login_Test -->
    </test> <!-- login -->
    <test started-at="2022-11-07T22:35:44 IST" name="clear" finished-at="2022-11-07T22:35:45 IST" duration-ms="1002">
      <class name="testcases.ClearShoppingCart">
        <test-method is-config="true" signature="setup()[pri:0, instance:testcases.ClearShoppingCart@39a8312f]" started-at="2022-11-07T22:35:44 IST" name="setup" finished-at="2022-11-07T22:35:44 IST" duration-ms="1" status="PASS">
          <reporter-output>
          </reporter-output>
        </test-method> <!-- setup -->
        <test-method signature="ClearAddToCartAndGoToBooks()[pri:0, instance:testcases.ClearShoppingCart@39a8312f]" started-at="2022-11-07T22:35:44 IST" name="ClearAddToCartAndGoToBooks" finished-at="2022-11-07T22:35:45 IST" duration-ms="998" status="PASS">
          <reporter-output>
          </reporter-output>
        </test-method> <!-- ClearAddToCartAndGoToBooks -->
      </class> <!-- testcases.ClearShoppingCart -->
    </test> <!-- clear -->
    <test started-at="2022-11-07T22:35:45 IST" name="additems" finished-at="2022-11-07T22:35:49 IST" duration-ms="4243">
      <class name="testcases.AddItems">
        <test-method is-config="true" signature="setup()[pri:0, instance:testcases.AddItems@fc258b1]" started-at="2022-11-07T22:35:45 IST" name="setup" finished-at="2022-11-07T22:35:45 IST" duration-ms="1" status="PASS">
          <reporter-output>
          </reporter-output>
        </test-method> <!-- setup -->
        <test-method signature="SelectBooksAddtocart()[pri:0, instance:testcases.AddItems@fc258b1]" started-at="2022-11-07T22:35:45 IST" name="SelectBooksAddtocart" finished-at="2022-11-07T22:35:49 IST" duration-ms="4236" status="PASS">
          <reporter-output>
          </reporter-output>
        </test-method> <!-- SelectBooksAddtocart -->
      </class> <!-- testcases.AddItems -->
    </test> <!-- additems -->
    <test started-at="2022-11-07T22:35:49 IST" name="gotocardss" finished-at="2022-11-07T22:35:52 IST" duration-ms="3023">
      <class name="testcases.GotoCards">
        <test-method is-config="true" signature="setup()[pri:0, instance:testcases.GotoCards@23fb172e]" started-at="2022-11-07T22:35:49 IST" name="setup" finished-at="2022-11-07T22:35:49 IST" duration-ms="1" status="PASS">
          <reporter-output>
          </reporter-output>
        </test-method> <!-- setup -->
        <test-method signature="MoveToShippingCartAndClick()[pri:0, instance:testcases.GotoCards@23fb172e]" started-at="2022-11-07T22:35:49 IST" name="MoveToShippingCartAndClick" finished-at="2022-11-07T22:35:52 IST" duration-ms="3014" status="PASS">
          <reporter-output>
          </reporter-output>
        </test-method> <!-- MoveToShippingCartAndClick -->
      </class> <!-- testcases.GotoCards -->
    </test> <!-- gotocardss -->
    <test started-at="2022-11-07T22:35:52 IST" name="billing" finished-at="2022-11-07T22:36:02 IST" duration-ms="10012">
      <class name="testcases.BillingAddress">
        <test-method is-config="true" signature="setup()[pri:0, instance:testcases.BillingAddress@12bd8a64]" started-at="2022-11-07T22:35:52 IST" name="setup" finished-at="2022-11-07T22:35:52 IST" duration-ms="1" status="PASS">
          <reporter-output>
          </reporter-output>
        </test-method> <!-- setup -->
        <test-method signature="checkout()[pri:1, instance:testcases.BillingAddress@12bd8a64]" started-at="2022-11-07T22:35:52 IST" name="checkout" finished-at="2022-11-07T22:35:56 IST" duration-ms="3793" status="PASS">
          <reporter-output>
          </reporter-output>
        </test-method> <!-- checkout -->
        <test-method is-config="true" signature="setup()[pri:0, instance:testcases.BillingAddress@12bd8a64]" started-at="2022-11-07T22:35:56 IST" name="setup" finished-at="2022-11-07T22:35:56 IST" duration-ms="0" status="PASS">
          <reporter-output>
          </reporter-output>
        </test-method> <!-- setup -->
        <test-method signature="BillingAddressdropdown()[pri:2, instance:testcases.BillingAddress@12bd8a64]" started-at="2022-11-07T22:35:56 IST" name="BillingAddressdropdown" finished-at="2022-11-07T22:35:58 IST" duration-ms="2189" status="PASS">
          <reporter-output>
          </reporter-output>
        </test-method> <!-- BillingAddressdropdown -->
        <test-method is-config="true" signature="setup()[pri:0, instance:testcases.BillingAddress@12bd8a64]" started-at="2022-11-07T22:35:58 IST" name="setup" finished-at="2022-11-07T22:35:58 IST" duration-ms="1" status="PASS">
          <reporter-output>
          </reporter-output>
        </test-method> <!-- setup -->
        <test-method signature="BillingAdd(java.util.Hashtable)[pri:3, instance:testcases.BillingAddress@12bd8a64]" started-at="2022-11-07T22:35:58 IST" name="BillingAdd" data-provider="dp" finished-at="2022-11-07T22:36:02 IST" duration-ms="3947" status="PASS">
          <params>
            <param index="0">
              <value>
                <![CDATA[{phoneno=9.8765432119E10, lname=test1, email=abc1234@gmail.com, zipcode=123456.0, address2=testnew1, address1=door no:12345, city=andhrapradesh, fname=prasad1}]]>
              </value>
            </param>
          </params>
          <reporter-output>
          </reporter-output>
        </test-method> <!-- BillingAdd -->
      </class> <!-- testcases.BillingAddress -->
    </test> <!-- billing -->
    <test started-at="2022-11-07T22:36:02 IST" name="checkoutdetails" finished-at="2022-11-07T22:36:06 IST" duration-ms="4060">
      <class name="testcases.CheckoutDetails">
        <test-method signature="shippingAddress()[pri:1, instance:testcases.CheckoutDetails@340da44c]" started-at="2022-11-07T22:36:02 IST" name="shippingAddress" finished-at="2022-11-07T22:36:02 IST" duration-ms="140" status="PASS">
          <reporter-output>
          </reporter-output>
        </test-method> <!-- shippingAddress -->
        <test-method is-config="true" signature="setup()[pri:0, instance:testcases.CheckoutDetails@340da44c]" started-at="2022-11-07T22:36:02 IST" name="setup" finished-at="2022-11-07T22:36:02 IST" duration-ms="0" status="PASS">
          <reporter-output>
          </reporter-output>
        </test-method> <!-- setup -->
        <test-method is-config="true" signature="setup()[pri:0, instance:testcases.CheckoutDetails@340da44c]" started-at="2022-11-07T22:36:02 IST" name="setup" finished-at="2022-11-07T22:36:02 IST" duration-ms="0" status="PASS">
          <reporter-output>
          </reporter-output>
        </test-method> <!-- setup -->
        <test-method signature="shippingaddress()[pri:2, instance:testcases.CheckoutDetails@340da44c]" started-at="2022-11-07T22:36:02 IST" name="shippingaddress" finished-at="2022-11-07T22:36:03 IST" duration-ms="102" status="PASS">
          <reporter-output>
          </reporter-output>
        </test-method> <!-- shippingaddress -->
        <test-method is-config="true" signature="setup()[pri:0, instance:testcases.CheckoutDetails@340da44c]" started-at="2022-11-07T22:36:03 IST" name="setup" finished-at="2022-11-07T22:36:03 IST" duration-ms="0" status="PASS">
          <reporter-output>
          </reporter-output>
        </test-method> <!-- setup -->
        <test-method signature="ShippingMethodNextDayAir()[pri:3, instance:testcases.CheckoutDetails@340da44c]" started-at="2022-11-07T22:36:03 IST" name="ShippingMethodNextDayAir" finished-at="2022-11-07T22:36:03 IST" duration-ms="571" status="PASS">
          <reporter-output>
          </reporter-output>
        </test-method> <!-- ShippingMethodNextDayAir -->
        <test-method is-config="true" signature="setup()[pri:0, instance:testcases.CheckoutDetails@340da44c]" started-at="2022-11-07T22:36:03 IST" name="setup" finished-at="2022-11-07T22:36:03 IST" duration-ms="0" status="PASS">
          <reporter-output>
          </reporter-output>
        </test-method> <!-- setup -->
        <test-method signature="paymentmethod()[pri:4, instance:testcases.CheckoutDetails@340da44c]" started-at="2022-11-07T22:36:03 IST" name="paymentmethod" finished-at="2022-11-07T22:36:04 IST" duration-ms="517" status="PASS">
          <reporter-output>
          </reporter-output>
        </test-method> <!-- paymentmethod -->
        <test-method is-config="true" signature="setup()[pri:0, instance:testcases.CheckoutDetails@340da44c]" started-at="2022-11-07T22:36:04 IST" name="setup" finished-at="2022-11-07T22:36:04 IST" duration-ms="0" status="PASS">
          <reporter-output>
          </reporter-output>
        </test-method> <!-- setup -->
        <test-method signature="paymentinfo()[pri:5, instance:testcases.CheckoutDetails@340da44c]" started-at="2022-11-07T22:36:04 IST" name="paymentinfo" finished-at="2022-11-07T22:36:04 IST" duration-ms="372" status="PASS">
          <reporter-output>
          </reporter-output>
        </test-method> <!-- paymentinfo -->
        <test-method signature="confirmorder()[pri:6, instance:testcases.CheckoutDetails@340da44c]" started-at="2022-11-07T22:36:04 IST" name="confirmorder" finished-at="2022-11-07T22:36:06 IST" duration-ms="2336" status="PASS">
          <reporter-output>
          </reporter-output>
        </test-method> <!-- confirmorder -->
        <test-method is-config="true" signature="setup()[pri:0, instance:testcases.CheckoutDetails@340da44c]" started-at="2022-11-07T22:36:04 IST" name="setup" finished-at="2022-11-07T22:36:04 IST" duration-ms="0" status="PASS">
          <reporter-output>
          </reporter-output>
        </test-method> <!-- setup -->
      </class> <!-- testcases.CheckoutDetails -->
    </test> <!-- checkoutdetails -->
    <test started-at="2022-11-07T22:36:06 IST" name="sucee" finished-at="2022-11-07T22:36:16 IST" duration-ms="9976">
      <class name="testcases.SuccessOrder">
        <test-method signature="successfullprocessed()[pri:1, instance:testcases.SuccessOrder@fcb4004]" started-at="2022-11-07T22:36:06 IST" name="successfullprocessed" finished-at="2022-11-07T22:36:08 IST" duration-ms="2086" status="PASS">
          <reporter-output>
          </reporter-output>
        </test-method> <!-- successfullprocessed -->
        <test-method is-config="true" signature="setup()[pri:0, instance:testcases.SuccessOrder@fcb4004]" started-at="2022-11-07T22:36:06 IST" name="setup" finished-at="2022-11-07T22:36:06 IST" duration-ms="0" status="PASS">
          <reporter-output>
          </reporter-output>
        </test-method> <!-- setup -->
        <test-method is-config="true" signature="setup()[pri:0, instance:testcases.SuccessOrder@fcb4004]" started-at="2022-11-07T22:36:08 IST" name="setup" finished-at="2022-11-07T22:36:08 IST" duration-ms="1" status="PASS">
          <reporter-output>
          </reporter-output>
        </test-method> <!-- setup -->
        <test-method signature="orderDetails()[pri:2, instance:testcases.SuccessOrder@fcb4004]" started-at="2022-11-07T22:36:08 IST" name="orderDetails" finished-at="2022-11-07T22:36:16 IST" duration-ms="7874" status="PASS">
          <reporter-output>
          </reporter-output>
        </test-method> <!-- orderDetails -->
      </class> <!-- testcases.SuccessOrder -->
    </test> <!-- sucee -->
    <test started-at="2022-11-07T22:36:16 IST" name="logout" finished-at="2022-11-07T22:36:17 IST" duration-ms="968">
      <class name="testcases.Logout">
        <test-method is-config="true" signature="BeforeSuite()[pri:0, instance:testcases.Logout@5829e4f4]" started-at="2022-11-07T22:35:33 IST" name="BeforeSuite" finished-at="2022-11-07T22:35:34 IST" duration-ms="276" status="PASS">
          <reporter-output>
          </reporter-output>
        </test-method> <!-- BeforeSuite -->
        <test-method is-config="true" signature="setup()[pri:0, instance:testcases.Logout@5829e4f4]" started-at="2022-11-07T22:36:16 IST" name="setup" finished-at="2022-11-07T22:36:16 IST" duration-ms="1" status="PASS">
          <reporter-output>
          </reporter-output>
        </test-method> <!-- setup -->
        <test-method signature="logout()[pri:0, instance:testcases.Logout@5829e4f4]" started-at="2022-11-07T22:36:16 IST" name="logout" finished-at="2022-11-07T22:36:17 IST" duration-ms="960" status="PASS">
          <reporter-output>
          </reporter-output>
        </test-method> <!-- logout -->
        <test-method is-config="true" signature="AfterSuite()[pri:0, instance:testcases.Logout@5829e4f4]" started-at="2022-11-07T22:36:17 IST" name="AfterSuite" finished-at="2022-11-07T22:36:18 IST" duration-ms="687" status="PASS">
          <reporter-output>
          </reporter-output>
        </test-method> <!-- AfterSuite -->
      </class> <!-- testcases.Logout -->
    </test> <!-- logout -->
  </suite> <!-- Suite -->
</testng-results>
